# JRE version: Java(TM) SE Runtime Environment (7.0_51-b13) (build 1.7.0_51-b13)
# Java VM: Java HotSpot(TM) 64-Bit Server VM (24.51-b03 mixed mode windows-amd64 compressed oops)
Heap
 def new generation   total 157248K, used 2697K [0x00000000dae00000, 0x00000000e58a0000, 0x00000000e58a0000)
  eden space 139776K,   1% used [0x00000000dae00000, 0x00000000db0a2450, 0x00000000e3680000)
  from space 17472K,   0% used [0x00000000e3680000, 0x00000000e3680000, 0x00000000e4790000)
  to   space 17472K,   0% used [0x00000000e4790000, 0x00000000e4790000, 0x00000000e58a0000)
 tenured generation   total 349568K, used 288986K [0x00000000e58a0000, 0x00000000fae00000, 0x00000000fae00000)
   the space 349568K,  82% used [0x00000000e58a0000, 0x00000000f72d6b08, 0x00000000f72d6c00, 0x00000000fae00000)
 compacting perm gen  total 83968K, used 83967K [0x00000000fae00000, 0x0000000100000000, 0x0000000100000000)
   the space 83968K,  99% used [0x00000000fae00000, 0x00000000fffffca8, 0x00000000fffffe00, 0x0000000100000000)
GC Heap History (10 events):
Event: 247.171 GC heap before
{Heap before GC invocations=61 (full 14):
 def new generation   total 157248K, used 154277K [0x00000000dae00000, 0x00000000e58a0000, 0x00000000e58a0000)
  eden space 139776K, 100% used [0x00000000dae00000, 0x00000000e3680000, 0x00000000e3680000)
  from space 17472K,  82% used [0x00000000e4790000, 0x00000000e55b96a0, 0x00000000e58a0000)
  to   space 17472K,   0% used [0x00000000e3680000, 0x00000000e3680000, 0x00000000e4790000)
 tenured generation   total 349568K, used 288249K [0x00000000e58a0000, 0x00000000fae00000, 0x00000000fae00000)
   the space 349568K,  82% used [0x00000000e58a0000, 0x00000000f721e468, 0x00000000f721e600, 0x00000000fae00000)
 compacting perm gen  total 83456K, used 83168K [0x00000000fae00000, 0x00000000fff80000, 0x0000000100000000)
   the space 83456K,  99% used [0x00000000fae00000, 0x00000000fff38120, 0x00000000fff38200, 0x00000000fff80000)
No shared spaces configured.
Event: 247.236 GC heap after
Heap after GC invocations=62 (full 14):
 def new generation   total 157248K, used 12066K [0x00000000dae00000, 0x00000000e58a0000, 0x00000000e58a0000)
  eden space 139776K,   0% used [0x00000000dae00000, 0x00000000dae00000, 0x00000000e3680000)
  from space 17472K,  69% used [0x00000000e3680000, 0x00000000e4248a58, 0x00000000e4790000)
  to   space 17472K,   0% used [0x00000000e4790000, 0x00000000e4790000, 0x00000000e58a0000)
 tenured generation   total 349568K, used 295346K [0x00000000e58a0000, 0x00000000fae00000, 0x00000000fae00000)
   the space 349568K,  84% used [0x00000000e58a0000, 0x00000000f790ca98, 0x00000000f790cc00, 0x00000000fae00000)
 compacting perm gen  total 83456K, used 83168K [0x00000000fae00000, 0x00000000fff80000, 0x0000000100000000)
   the space 83456K,  99% used [0x00000000fae00000, 0x00000000fff38120, 0x00000000fff38200, 0x00000000fff80000)
No shared spaces configured.
}
Event: 250.719 GC heap before
{Heap before GC invocations=62 (full 14):
 def new generation   total 157248K, used 47018K [0x00000000dae00000, 0x00000000e58a0000, 0x00000000e58a0000)
  eden space 139776K,  25% used [0x00000000dae00000, 0x00000000dd021dc8, 0x00000000e3680000)
  from space 17472K,  69% used [0x00000000e3680000, 0x00000000e4248a58, 0x00000000e4790000)
  to   space 17472K,   0% used [0x00000000e4790000, 0x00000000e4790000, 0x00000000e58a0000)
 tenured generation   total 349568K, used 295346K [0x00000000e58a0000, 0x00000000fae00000, 0x00000000fae00000)
   the space 349568K,  84% used [0x00000000e58a0000, 0x00000000f790ca98, 0x00000000f790cc00, 0x00000000fae00000)
 compacting perm gen  total 83968K, used 83967K [0x00000000fae00000, 0x0000000100000000, 0x0000000100000000)
   the space 83968K,  99% used [0x00000000fae00000, 0x00000000ffffffe0, 0x0000000100000000, 0x0000000100000000)
No shared spaces configured.
Event: 251.930 GC heap after
Heap after GC invocations=63 (full 15):
 def new generation   total 157248K, used 0K [0x00000000dae00000, 0x00000000e58a0000, 0x00000000e58a0000)
  eden space 139776K,   0% used [0x00000000dae00000, 0x00000000dae00000, 0x00000000e3680000)
  from space 17472K,   0% used [0x00000000e3680000, 0x00000000e3680000, 0x00000000e4790000)
  to   space 17472K,   0% used [0x00000000e4790000, 0x00000000e4790000, 0x00000000e58a0000)
 tenured generation   total 349568K, used 308564K [0x00000000e58a0000, 0x00000000fae00000, 0x00000000fae00000)
   the space 349568K,  88% used [0x00000000e58a0000, 0x00000000f85f5298, 0x00000000f85f5400, 0x00000000fae00000)
 compacting perm gen  total 83968K, used 83967K [0x00000000fae00000, 0x0000000100000000, 0x0000000100000000)
   the space 83968K,  99% used [0x00000000fae00000, 0x00000000ffffffe0, 0x0000000100000000, 0x0000000100000000)
No shared spaces configured.
}
Event: 251.937 GC heap before
{Heap before GC invocations=63 (full 15):
 def new generation   total 157248K, used 2K [0x00000000dae00000, 0x00000000e58a0000, 0x00000000e58a0000)
  eden space 139776K,   0% used [0x00000000dae00000, 0x00000000dae00868, 0x00000000e3680000)
  from space 17472K,   0% used [0x00000000e3680000, 0x00000000e3680000, 0x00000000e4790000)
  to   space 17472K,   0% used [0x00000000e4790000, 0x00000000e4790000, 0x00000000e58a0000)
 tenured generation   total 349568K, used 308564K [0x00000000e58a0000, 0x00000000fae00000, 0x00000000fae00000)
   the space 349568K,  88% used [0x00000000e58a0000, 0x00000000f85f5298, 0x00000000f85f5400, 0x00000000fae00000)
 compacting perm gen  total 83968K, used 83967K [0x00000000fae00000, 0x0000000100000000, 0x0000000100000000)
   the space 83968K,  99% used [0x00000000fae00000, 0x00000000ffffffe0, 0x0000000100000000, 0x0000000100000000)
No shared spaces configured.
Event: 253.347 GC heap after
Heap after GC invocations=64 (full 16):
 def new generation   total 157248K, used 0K [0x00000000dae00000, 0x00000000e58a0000, 0x00000000e58a0000)
  eden space 139776K,   0% used [0x00000000dae00000, 0x00000000dae00000, 0x00000000e3680000)
  from space 17472K,   0% used [0x00000000e3680000, 0x00000000e3680000, 0x00000000e4790000)
  to   space 17472K,   0% used [0x00000000e4790000, 0x00000000e4790000, 0x00000000e58a0000)
 tenured generation   total 349568K, used 287738K [0x00000000e58a0000, 0x00000000fae00000, 0x00000000fae00000)
   the space 349568K,  82% used [0x00000000e58a0000, 0x00000000f719eb48, 0x00000000f719ec00, 0x00000000fae00000)
 compacting perm gen  total 82944K, used 82666K [0x00000000fae00000, 0x00000000fff00000, 0x0000000100000000)
   the space 82944K,  99% used [0x00000000fae00000, 0x00000000ffebaa80, 0x00000000ffebac00, 0x00000000fff00000)
No shared spaces configured.
}
Event: 424.552 GC heap before
{Heap before GC invocations=64 (full 16):
 def new generation   total 157248K, used 39827K [0x00000000dae00000, 0x00000000e58a0000, 0x00000000e58a0000)
  eden space 139776K,  28% used [0x00000000dae00000, 0x00000000dd4e4d58, 0x00000000e3680000)
  from space 17472K,   0% used [0x00000000e3680000, 0x00000000e3680000, 0x00000000e4790000)
  to   space 17472K,   0% used [0x00000000e4790000, 0x00000000e4790000, 0x00000000e58a0000)
 tenured generation   total 349568K, used 287738K [0x00000000e58a0000, 0x00000000fae00000, 0x00000000fae00000)
   the space 349568K,  82% used [0x00000000e58a0000, 0x00000000f719eb48, 0x00000000f719ec00, 0x00000000fae00000)
 compacting perm gen  total 83968K, used 83967K [0x00000000fae00000, 0x0000000100000000, 0x0000000100000000)
   the space 83968K,  99% used [0x00000000fae00000, 0x00000000fffffca8, 0x00000000fffffe00, 0x0000000100000000)
No shared spaces configured.
Event: 425.767 GC heap after
Heap after GC invocations=65 (full 17):
 def new generation   total 157248K, used 0K [0x00000000dae00000, 0x00000000e58a0000, 0x00000000e58a0000)
  eden space 139776K,   0% used [0x00000000dae00000, 0x00000000dae00000, 0x00000000e3680000)
  from space 17472K,   0% used [0x00000000e3680000, 0x00000000e3680000, 0x00000000e4790000)
  to   space 17472K,   0% used [0x00000000e4790000, 0x00000000e4790000, 0x00000000e58a0000)
 tenured generation   total 349568K, used 288986K [0x00000000e58a0000, 0x00000000fae00000, 0x00000000fae00000)
   the space 349568K,  82% used [0x00000000e58a0000, 0x00000000f72d6a78, 0x00000000f72d6c00, 0x00000000fae00000)
 compacting perm gen  total 83968K, used 83967K [0x00000000fae00000, 0x0000000100000000, 0x0000000100000000)
   the space 83968K,  99% used [0x00000000fae00000, 0x00000000fffffca8, 0x00000000fffffe00, 0x0000000100000000)
No shared spaces configured.
}
Event: 425.917 GC heap before
{Heap before GC invocations=65 (full 17):
 def new generation   total 157248K, used 2697K [0x00000000dae00000, 0x00000000e58a0000, 0x00000000e58a0000)
  eden space 139776K,   1% used [0x00000000dae00000, 0x00000000db0a2408, 0x00000000e3680000)
  from space 17472K,   0% used [0x00000000e3680000, 0x00000000e3680000, 0x00000000e4790000)
  to   space 17472K,   0% used [0x00000000e4790000, 0x00000000e4790000, 0x00000000e58a0000)
 tenured generation   total 349568K, used 288986K [0x00000000e58a0000, 0x00000000fae00000, 0x00000000fae00000)
   the space 349568K,  82% used [0x00000000e58a0000, 0x00000000f72d6a78, 0x00000000f72d6c00, 0x00000000fae00000)
 compacting perm gen  total 83968K, used 83967K [0x00000000fae00000, 0x0000000100000000, 0x0000000100000000)
   the space 83968K,  99% used [0x00000000fae00000, 0x00000000fffffca8, 0x00000000fffffe00, 0x0000000100000000)
No shared spaces configured.
Event: 427.187 GC heap after
Heap after GC invocations=66 (full 18):
 def new generation   total 157248K, used 0K [0x00000000dae00000, 0x00000000e58a0000, 0x00000000e58a0000)
  eden space 139776K,   0% used [0x00000000dae00000, 0x00000000dae00000, 0x00000000e3680000)
  from space 17472K,   0% used [0x00000000e3680000, 0x00000000e3680000, 0x00000000e4790000)
  to   space 17472K,   0% used [0x00000000e4790000, 0x00000000e4790000, 0x00000000e58a0000)
 tenured generation   total 349568K, used 288986K [0x00000000e58a0000, 0x00000000fae00000, 0x00000000fae00000)
   the space 349568K,  82% used [0x00000000e58a0000, 0x00000000f72d6b08, 0x00000000f72d6c00, 0x00000000fae00000)
 compacting perm gen  total 83968K, used 83967K [0x00000000fae00000, 0x0000000100000000, 0x0000000100000000)
   the space 83968K,  99% used [0x00000000fae00000, 0x00000000fffffca8, 0x00000000fffffe00, 0x0000000100000000)
No shared spaces configured.
}

